2019-09-09 13:58:49 INFO  TestBase:32 - Initiate Browser
2019-09-09 14:10:24 INFO  TestBase:32 - Initiate Browser
2019-09-09 14:20:47 INFO  TestBase:32 - Initiate Browser
2019-09-09 14:21:07 INFO  TestBase:41 - Browser Initiated
2019-09-09 14:21:07 INFO  TestBase:53 - Test name: NumbervalueAddStatus
2019-09-09 14:21:08 INFO  TestBase:81 - Executed test case name:NumbervalueAddStatus Execution Results : [TestResult name=NumbervalueAddStatus status=FAILURE method=DefectStatus.NumbervalueAddStatus()[pri:0, instance:tests.DefectStatus.DefectStatus@62fdb4a6] output={null}]
2019-09-09 14:21:08 INFO  TestBase:70 - Closing Browser
2019-09-09 14:21:11 INFO  TestBase:72 - Browser Closed
2019-09-09 14:21:58 INFO  TestBase:32 - Initiate Browser
2019-09-09 14:22:18 INFO  TestBase:41 - Browser Initiated
2019-09-09 14:22:18 INFO  TestBase:53 - Test name: NumbervalueAddStatus
2019-09-09 14:22:19 INFO  TestBase:81 - Executed test case name:NumbervalueAddStatus Execution Results : [TestResult name=NumbervalueAddStatus status=FAILURE method=DefectStatus.NumbervalueAddStatus()[pri:0, instance:tests.DefectStatus.DefectStatus@62fdb4a6] output={null}]
2019-09-09 14:22:19 INFO  TestBase:70 - Closing Browser
2019-09-09 14:22:20 INFO  TestBase:72 - Browser Closed
2019-09-09 14:24:00 INFO  TestBase:32 - Initiate Browser
2019-09-09 14:24:21 INFO  TestBase:41 - Browser Initiated
2019-09-09 14:24:21 INFO  TestBase:53 - Test name: NumbervalueAddStatus
2019-09-09 14:24:21 INFO  TestBase:81 - Executed test case name:NumbervalueAddStatus Execution Results : [TestResult name=NumbervalueAddStatus status=FAILURE method=DefectStatus.NumbervalueAddStatus()[pri:0, instance:tests.DefectStatus.DefectStatus@11e21d0e] output={null}]
2019-09-09 14:24:22 INFO  TestBase:70 - Closing Browser
2019-09-09 14:24:24 INFO  TestBase:72 - Browser Closed
2019-09-09 14:27:08 INFO  TestBase:32 - Initiate Browser
2019-09-09 14:27:27 INFO  TestBase:41 - Browser Initiated
2019-09-09 14:27:27 INFO  TestBase:53 - Test name: NumbervalueAddStatus
2019-09-09 14:27:27 INFO  TestBase:81 - Executed test case name:NumbervalueAddStatus Execution Results : [TestResult name=NumbervalueAddStatus status=FAILURE method=DefectStatus.NumbervalueAddStatus()[pri:0, instance:tests.DefectStatus.DefectStatus@4df828d7] output={null}]
2019-09-09 14:27:27 INFO  TestBase:70 - Closing Browser
2019-09-09 14:27:29 INFO  TestBase:72 - Browser Closed
2019-09-09 14:32:16 INFO  TestBase:32 - Initiate Browser
2019-09-09 14:32:35 INFO  TestBase:41 - Browser Initiated
2019-09-09 14:32:35 INFO  TestBase:53 - Test name: NumbervalueAddStatus
2019-09-09 14:32:35 INFO  TestBase:81 - Executed test case name:NumbervalueAddStatus Execution Results : [TestResult name=NumbervalueAddStatus status=FAILURE method=DefectStatus.NumbervalueAddStatus()[pri:0, instance:tests.DefectStatus.DefectStatus@62fdb4a6] output={null}]
2019-09-09 14:32:36 INFO  TestBase:70 - Closing Browser
2019-09-09 14:32:37 INFO  TestBase:72 - Browser Closed
2019-09-09 14:33:44 INFO  TestBase:32 - Initiate Browser
2019-09-09 14:34:03 INFO  TestBase:41 - Browser Initiated
2019-09-09 14:34:03 INFO  TestBase:53 - Test name: NumbervalueAddStatus
2019-09-09 14:34:03 INFO  TestBase:81 - Executed test case name:NumbervalueAddStatus Execution Results : [TestResult name=NumbervalueAddStatus status=FAILURE method=DefectStatus.NumbervalueAddStatus()[pri:0, instance:tests.DefectStatus.DefectStatus@4df828d7] output={null}]
2019-09-09 14:34:04 INFO  TestBase:70 - Closing Browser
2019-09-09 14:34:05 INFO  TestBase:72 - Browser Closed
2019-09-09 14:34:20 INFO  TestBase:32 - Initiate Browser
2019-09-09 14:34:39 INFO  TestBase:41 - Browser Initiated
2019-09-09 14:34:39 INFO  TestBase:53 - Test name: onlyAddStatus
2019-09-09 14:34:43 INFO  TestBase:81 - Executed test case name:onlyAddStatus Execution Results : [TestResult name=onlyAddStatus status=FAILURE method=DefectStatus.onlyAddStatus()[pri:0, instance:tests.DefectStatus.DefectStatus@62fdb4a6] output={null}]
2019-09-09 14:34:43 INFO  TestBase:70 - Closing Browser
2019-09-09 14:34:45 INFO  TestBase:72 - Browser Closed
2019-09-09 14:36:48 INFO  TestBase:32 - Initiate Browser
2019-09-09 14:37:08 INFO  TestBase:41 - Browser Initiated
2019-09-09 14:37:08 INFO  TestBase:53 - Test name: NumbervalueAddStatus
2019-09-09 14:37:12 INFO  TestBase:81 - Executed test case name:NumbervalueAddStatus Execution Results : [TestResult name=NumbervalueAddStatus status=FAILURE method=DefectStatus.NumbervalueAddStatus()[pri:0, instance:tests.DefectStatus.DefectStatus@62fdb4a6] output={null}]
2019-09-09 14:37:12 INFO  TestBase:70 - Closing Browser
2019-09-09 14:37:13 INFO  TestBase:72 - Browser Closed
2019-09-09 14:37:57 INFO  TestBase:32 - Initiate Browser
2019-09-09 14:38:16 INFO  TestBase:41 - Browser Initiated
2019-09-09 14:38:16 INFO  TestBase:53 - Test name: NumbervalueAddStatus
2019-09-09 14:38:20 INFO  TestBase:81 - Executed test case name:NumbervalueAddStatus Execution Results : [TestResult name=NumbervalueAddStatus status=FAILURE method=DefectStatus.NumbervalueAddStatus()[pri:0, instance:tests.DefectStatus.DefectStatus@31206beb] output={null}]
2019-09-09 14:38:20 INFO  TestBase:70 - Closing Browser
2019-09-09 14:38:22 INFO  TestBase:72 - Browser Closed
2019-09-09 14:38:56 INFO  TestBase:32 - Initiate Browser
2019-09-09 14:39:15 INFO  TestBase:41 - Browser Initiated
2019-09-09 14:39:15 INFO  TestBase:53 - Test name: NumbervalueAddStatus
2019-09-09 14:39:19 INFO  TestBase:81 - Executed test case name:NumbervalueAddStatus Execution Results : [TestResult name=NumbervalueAddStatus status=FAILURE method=DefectStatus.NumbervalueAddStatus()[pri:0, instance:tests.DefectStatus.DefectStatus@62fdb4a6] output={null}]
2019-09-09 14:39:20 INFO  TestBase:70 - Closing Browser
2019-09-09 14:39:21 INFO  TestBase:72 - Browser Closed
2019-09-09 14:43:27 INFO  TestBase:32 - Initiate Browser
2019-09-09 14:43:48 INFO  TestBase:41 - Browser Initiated
2019-09-09 14:43:48 INFO  TestBase:53 - Test name: NumbervalueAddStatus
2019-09-09 14:43:52 INFO  TestBase:81 - Executed test case name:NumbervalueAddStatus Execution Results : [TestResult name=NumbervalueAddStatus status=FAILURE method=DefectStatus.NumbervalueAddStatus()[pri:0, instance:tests.DefectStatus.DefectStatus@62fdb4a6] output={null}]
2019-09-09 14:43:53 INFO  TestBase:70 - Closing Browser
2019-09-09 14:43:54 INFO  TestBase:72 - Browser Closed
2019-09-09 14:47:33 INFO  TestBase:32 - Initiate Browser
2019-09-09 14:47:53 INFO  TestBase:41 - Browser Initiated
2019-09-09 14:47:53 INFO  TestBase:53 - Test name: onlyAddStatus
2019-09-09 14:47:54 INFO  TestBase:81 - Executed test case name:onlyAddStatus Execution Results : [TestResult name=onlyAddStatus status=SUCCESS method=DefectStatus.onlyAddStatus()[pri:0, instance:tests.DefectStatus.DefectStatus@11e21d0e] output={null}]
2019-09-09 14:47:54 INFO  TestBase:70 - Closing Browser
2019-09-09 14:47:56 INFO  TestBase:72 - Browser Closed
2019-09-09 14:48:25 INFO  TestBase:32 - Initiate Browser
2019-09-09 14:48:44 INFO  TestBase:41 - Browser Initiated
2019-09-09 14:48:44 INFO  TestBase:53 - Test name: NumbervalueAddStatus
2019-09-09 14:48:47 INFO  TestBase:81 - Executed test case name:NumbervalueAddStatus Execution Results : [TestResult name=NumbervalueAddStatus status=SUCCESS method=DefectStatus.NumbervalueAddStatus()[pri:0, instance:tests.DefectStatus.DefectStatus@11e21d0e] output={null}]
2019-09-09 14:48:47 INFO  TestBase:70 - Closing Browser
2019-09-09 14:48:48 INFO  TestBase:72 - Browser Closed
2019-09-09 14:50:21 INFO  TestBase:32 - Initiate Browser
2019-09-09 14:50:40 INFO  TestBase:41 - Browser Initiated
2019-09-09 14:50:40 INFO  TestBase:53 - Test name: NumbervalueAddStatus
2019-09-09 14:50:45 INFO  TestBase:81 - Executed test case name:NumbervalueAddStatus Execution Results : [TestResult name=NumbervalueAddStatus status=FAILURE method=DefectStatus.NumbervalueAddStatus()[pri:0, instance:tests.DefectStatus.DefectStatus@1dd02175] output={null}]
2019-09-09 14:50:45 INFO  TestBase:70 - Closing Browser
2019-09-09 14:50:46 INFO  TestBase:72 - Browser Closed
2019-09-09 14:54:05 INFO  TestBase:32 - Initiate Browser
2019-09-09 14:54:25 INFO  TestBase:41 - Browser Initiated
2019-09-09 14:54:25 INFO  TestBase:53 - Test name: addDefectWithoutData
2019-09-09 14:54:34 INFO  TestBase:81 - Executed test case name:addDefectWithoutData Execution Results : [TestResult name=addDefectWithoutData status=FAILURE method=EditDefect.addDefectWithoutData()[pri:0, instance:tests.Defect.EditDefect@11e21d0e] output={null}]
2019-09-09 14:54:34 INFO  TestBase:70 - Closing Browser
2019-09-09 14:54:36 INFO  TestBase:72 - Browser Closed
2019-09-09 15:07:55 INFO  TestBase:32 - Initiate Browser
2019-09-09 15:08:15 INFO  TestBase:41 - Browser Initiated
2019-09-09 15:08:15 INFO  TestBase:53 - Test name: NumbervalueAddStatus
2019-09-09 15:08:19 INFO  TestBase:81 - Executed test case name:NumbervalueAddStatus Execution Results : [TestResult name=NumbervalueAddStatus status=FAILURE method=DefectStatus.NumbervalueAddStatus()[pri:0, instance:tests.DefectStatus.DefectStatus@62fdb4a6] output={null}]
2019-09-09 15:08:19 INFO  TestBase:70 - Closing Browser
2019-09-09 15:08:21 INFO  TestBase:72 - Browser Closed
2019-09-09 15:21:22 INFO  TestBase:32 - Initiate Browser
2019-09-09 15:21:41 INFO  TestBase:41 - Browser Initiated
2019-09-09 15:21:41 INFO  TestBase:53 - Test name: getMeassage
2019-09-09 15:21:43 INFO  TestBase:81 - Executed test case name:getMeassage Execution Results : [TestResult name=getMeassage status=SUCCESS method=DefectStatus.getMeassage()[pri:0, instance:tests.DefectStatus.DefectStatus@11e21d0e] output={null}]
2019-09-09 15:21:43 INFO  TestBase:70 - Closing Browser
2019-09-09 15:21:44 INFO  TestBase:72 - Browser Closed
2019-09-09 15:22:27 INFO  TestBase:32 - Initiate Browser
2019-09-09 15:22:46 INFO  TestBase:41 - Browser Initiated
2019-09-09 15:22:46 INFO  TestBase:53 - Test name: getMeassage
2019-09-09 15:22:48 INFO  TestBase:81 - Executed test case name:getMeassage Execution Results : [TestResult name=getMeassage status=SUCCESS method=DefectStatus.getMeassage()[pri:0, instance:tests.DefectStatus.DefectStatus@b59d31] output={null}]
2019-09-09 15:22:48 INFO  TestBase:70 - Closing Browser
2019-09-09 15:22:49 INFO  TestBase:72 - Browser Closed
2019-09-09 15:36:27 INFO  TestBase:32 - Initiate Browser
2019-09-09 15:36:46 INFO  TestBase:41 - Browser Initiated
2019-09-09 15:36:46 INFO  TestBase:53 - Test name: getMeassage
2019-09-09 15:36:50 INFO  TestBase:81 - Executed test case name:getMeassage Execution Results : [TestResult name=getMeassage status=FAILURE method=DefectStatus.getMeassage()[pri:0, instance:tests.DefectStatus.DefectStatus@62fdb4a6] output={null}]
2019-09-09 15:36:51 INFO  TestBase:70 - Closing Browser
2019-09-09 15:36:52 INFO  TestBase:72 - Browser Closed
2019-09-09 15:37:44 INFO  TestBase:32 - Initiate Browser
2019-09-09 15:38:03 INFO  TestBase:41 - Browser Initiated
2019-09-09 15:38:03 INFO  TestBase:53 - Test name: getMeassage
2019-09-09 15:38:07 INFO  TestBase:81 - Executed test case name:getMeassage Execution Results : [TestResult name=getMeassage status=FAILURE method=DefectStatus.getMeassage()[pri:0, instance:tests.DefectStatus.DefectStatus@62fdb4a6] output={null}]
2019-09-09 15:38:08 INFO  TestBase:70 - Closing Browser
2019-09-09 15:38:09 INFO  TestBase:72 - Browser Closed
2019-09-09 16:01:37 INFO  TestBase:32 - Initiate Browser
2019-09-09 16:02:21 INFO  TestBase:32 - Initiate Browser
2019-09-09 16:02:40 INFO  TestBase:41 - Browser Initiated
2019-09-09 16:02:40 INFO  TestBase:53 - Test name: getMeassage
2019-09-09 16:02:43 INFO  TestBase:81 - Executed test case name:getMeassage Execution Results : [TestResult name=getMeassage status=FAILURE method=DefectStatus.getMeassage()[pri:0, instance:tests.DefectStatus.DefectStatus@62fdb4a6] output={null}]
2019-09-09 16:02:44 INFO  TestBase:70 - Closing Browser
2019-09-09 16:02:45 INFO  TestBase:72 - Browser Closed
<<<<<<< HEAD
2019-09-09 16:57:17 INFO  TestBase:32 - Initiate Browser
2019-09-09 16:57:43 INFO  TestBase:41 - Browser Initiated
2019-09-09 16:57:43 INFO  TestBase:53 - Test name: testLogin
2019-09-09 16:57:48 INFO  TestBase:81 - Executed test case name:testLogin Execution Results : [TestResult name=testLogin status=FAILURE method=Tests.testLogin()[pri:0, instance:tests.Tests@1dd02175] output={null}]
2019-09-09 16:57:48 INFO  TestBase:70 - Closing Browser
2019-09-09 16:57:50 INFO  TestBase:72 - Browser Closed
2019-09-10 10:08:07 INFO  TestBase:32 - Initiate Browser
2019-09-10 10:08:27 INFO  TestBase:41 - Browser Initiated
2019-09-10 10:08:27 INFO  TestBase:53 - Test name: SidebarTest
2019-09-10 10:08:28 INFO  TestBase:81 - Executed test case name:SidebarTest Execution Results : [TestResult name=SidebarTest status=FAILURE method=DefectStatus.SidebarTest()[pri:0, instance:tests.DefectStatus.DefectStatus@62fdb4a6] output={null}]
2019-09-10 10:08:28 INFO  TestBase:70 - Closing Browser
2019-09-10 10:08:30 INFO  TestBase:72 - Browser Closed
2019-09-10 10:09:37 INFO  TestBase:32 - Initiate Browser
2019-09-10 10:09:57 INFO  TestBase:41 - Browser Initiated
2019-09-10 10:09:57 INFO  TestBase:53 - Test name: SidebarTest
2019-09-10 10:09:57 INFO  TestBase:81 - Executed test case name:SidebarTest Execution Results : [TestResult name=SidebarTest status=SUCCESS method=DefectStatus.SidebarTest()[pri:0, instance:tests.DefectStatus.DefectStatus@62fdb4a6] output={null}]
2019-09-10 10:09:57 INFO  TestBase:70 - Closing Browser
2019-09-10 10:09:58 INFO  TestBase:72 - Browser Closed
2019-09-10 10:14:13 INFO  TestBase:32 - Initiate Browser
2019-09-10 10:14:28 INFO  TestBase:41 - Browser Initiated
2019-09-10 10:14:28 INFO  TestBase:53 - Test name: SidebarTest
2019-09-10 10:14:29 INFO  TestBase:81 - Executed test case name:SidebarTest Execution Results : [TestResult name=SidebarTest status=FAILURE method=DefectStatus.SidebarTest()[pri:0, instance:tests.DefectStatus.DefectStatus@62fdb4a6] output={null}]
2019-09-10 10:14:29 INFO  TestBase:70 - Closing Browser
2019-09-10 10:14:31 INFO  TestBase:72 - Browser Closed
2019-09-10 10:15:21 INFO  TestBase:32 - Initiate Browser
2019-09-10 10:15:41 INFO  TestBase:41 - Browser Initiated
2019-09-10 10:15:41 INFO  TestBase:53 - Test name: SidebarTest
2019-09-10 10:15:42 INFO  TestBase:81 - Executed test case name:SidebarTest Execution Results : [TestResult name=SidebarTest status=FAILURE method=DefectStatus.SidebarTest()[pri:0, instance:tests.DefectStatus.DefectStatus@62fdb4a6] output={null}]
2019-09-10 10:15:42 INFO  TestBase:70 - Closing Browser
2019-09-10 10:15:44 INFO  TestBase:72 - Browser Closed
2019-09-10 10:16:49 INFO  TestBase:32 - Initiate Browser
2019-09-10 10:17:03 INFO  TestBase:41 - Browser Initiated
2019-09-10 10:17:03 INFO  TestBase:53 - Test name: SidebarTest
2019-09-10 10:17:04 INFO  TestBase:81 - Executed test case name:SidebarTest Execution Results : [TestResult name=SidebarTest status=FAILURE method=DefectStatus.SidebarTest()[pri:0, instance:tests.DefectStatus.DefectStatus@62fdb4a6] output={null}]
2019-09-10 10:17:04 INFO  TestBase:70 - Closing Browser
2019-09-10 10:17:06 INFO  TestBase:72 - Browser Closed
2019-09-10 10:18:17 INFO  TestBase:32 - Initiate Browser
2019-09-10 10:18:37 INFO  TestBase:41 - Browser Initiated
2019-09-10 10:18:37 INFO  TestBase:53 - Test name: SidebarTest
2019-09-10 10:18:38 INFO  TestBase:81 - Executed test case name:SidebarTest Execution Results : [TestResult name=SidebarTest status=FAILURE method=DefectStatus.SidebarTest()[pri:0, instance:tests.DefectStatus.DefectStatus@62fdb4a6] output={null}]
2019-09-10 10:18:38 INFO  TestBase:70 - Closing Browser
2019-09-10 10:18:39 INFO  TestBase:72 - Browser Closed
2019-09-10 10:22:34 INFO  TestBase:32 - Initiate Browser
2019-09-10 10:22:53 INFO  TestBase:41 - Browser Initiated
2019-09-10 10:22:53 INFO  TestBase:53 - Test name: SidebarTest
2019-09-10 10:22:54 INFO  TestBase:81 - Executed test case name:SidebarTest Execution Results : [TestResult name=SidebarTest status=FAILURE method=DefectStatus.SidebarTest()[pri:0, instance:tests.DefectStatus.DefectStatus@62fdb4a6] output={null}]
2019-09-10 10:22:54 INFO  TestBase:70 - Closing Browser
2019-09-10 10:22:56 INFO  TestBase:72 - Browser Closed
2019-09-10 10:27:47 INFO  TestBase:32 - Initiate Browser
2019-09-10 10:28:07 INFO  TestBase:41 - Browser Initiated
2019-09-10 10:28:07 INFO  TestBase:53 - Test name: SidebarTest
2019-09-10 10:28:07 INFO  TestBase:81 - Executed test case name:SidebarTest Execution Results : [TestResult name=SidebarTest status=FAILURE method=DefectStatus.SidebarTest()[pri:0, instance:tests.DefectStatus.DefectStatus@62fdb4a6] output={null}]
2019-09-10 10:28:08 INFO  TestBase:70 - Closing Browser
2019-09-10 10:28:09 INFO  TestBase:72 - Browser Closed
2019-09-10 10:28:28 INFO  TestBase:32 - Initiate Browser
2019-09-10 10:28:48 INFO  TestBase:41 - Browser Initiated
2019-09-10 10:28:48 INFO  TestBase:53 - Test name: addDefectWithoutData
2019-09-10 10:28:58 INFO  TestBase:81 - Executed test case name:addDefectWithoutData Execution Results : [TestResult name=addDefectWithoutData status=SUCCESS method=AddDefect.addDefectWithoutData()[pri:0, instance:tests.Defect.AddDefect@62fdb4a6] output={null}]
2019-09-10 10:28:58 INFO  TestBase:70 - Closing Browser
2019-09-10 10:28:59 INFO  TestBase:72 - Browser Closed
2019-09-10 10:30:45 INFO  TestBase:32 - Initiate Browser
2019-09-10 10:31:03 INFO  TestBase:41 - Browser Initiated
2019-09-10 10:31:03 INFO  TestBase:53 - Test name: SidebarTest
2019-09-10 10:31:03 INFO  TestBase:81 - Executed test case name:SidebarTest Execution Results : [TestResult name=SidebarTest status=SUCCESS method=DefectStatus.SidebarTest()[pri:0, instance:tests.DefectStatus.DefectStatus@62fdb4a6] output={null}]
2019-09-10 10:31:03 INFO  TestBase:70 - Closing Browser
2019-09-10 10:31:05 INFO  TestBase:72 - Browser Closed
2019-09-10 10:31:43 INFO  TestBase:32 - Initiate Browser
2019-09-10 10:32:04 INFO  TestBase:41 - Browser Initiated
2019-09-10 10:32:04 INFO  TestBase:53 - Test name: SidebarTest
2019-09-10 10:32:04 INFO  TestBase:81 - Executed test case name:SidebarTest Execution Results : [TestResult name=SidebarTest status=FAILURE method=DefectStatus.SidebarTest()[pri:0, instance:tests.DefectStatus.DefectStatus@62fdb4a6] output={null}]
2019-09-10 10:32:04 INFO  TestBase:70 - Closing Browser
2019-09-10 10:32:05 INFO  TestBase:72 - Browser Closed
2019-09-10 10:32:34 INFO  TestBase:32 - Initiate Browser
2019-09-10 10:32:54 INFO  TestBase:41 - Browser Initiated
2019-09-10 10:32:54 INFO  TestBase:53 - Test name: SidebarTest
2019-09-10 10:32:55 INFO  TestBase:81 - Executed test case name:SidebarTest Execution Results : [TestResult name=SidebarTest status=FAILURE method=DefectStatus.SidebarTest()[pri:0, instance:tests.DefectStatus.DefectStatus@62fdb4a6] output={null}]
2019-09-10 10:32:55 INFO  TestBase:70 - Closing Browser
2019-09-10 10:32:56 INFO  TestBase:72 - Browser Closed
2019-09-10 10:35:09 INFO  TestBase:32 - Initiate Browser
2019-09-10 10:35:28 INFO  TestBase:41 - Browser Initiated
2019-09-10 10:35:28 INFO  TestBase:53 - Test name: SidebarTest
2019-09-10 10:35:29 INFO  TestBase:81 - Executed test case name:SidebarTest Execution Results : [TestResult name=SidebarTest status=FAILURE method=DefectStatus.SidebarTest()[pri:0, instance:tests.DefectStatus.DefectStatus@62fdb4a6] output={null}]
2019-09-10 10:35:29 INFO  TestBase:70 - Closing Browser
2019-09-10 10:35:30 INFO  TestBase:72 - Browser Closed
2019-09-10 10:36:02 INFO  TestBase:32 - Initiate Browser
2019-09-10 10:36:22 INFO  TestBase:41 - Browser Initiated
2019-09-10 10:36:22 INFO  TestBase:53 - Test name: getMeassage
2019-09-10 10:36:25 INFO  TestBase:81 - Executed test case name:getMeassage Execution Results : [TestResult name=getMeassage status=FAILURE method=DefectStatus.getMeassage()[pri:0, instance:tests.DefectStatus.DefectStatus@62fdb4a6] output={null}]
2019-09-10 10:36:26 INFO  TestBase:70 - Closing Browser
2019-09-10 10:36:27 INFO  TestBase:72 - Browser Closed
2019-09-10 10:37:04 INFO  TestBase:32 - Initiate Browser
2019-09-10 10:37:12 INFO  TestBase:41 - Browser Initiated
2019-09-10 10:37:12 INFO  TestBase:53 - Test name: SidebarTest
2019-09-10 10:37:12 INFO  TestBase:81 - Executed test case name:SidebarTest Execution Results : [TestResult name=SidebarTest status=SUCCESS method=DefectStatus.SidebarTest()[pri:0, instance:tests.DefectStatus.DefectStatus@62fdb4a6] output={null}]
2019-09-10 10:37:12 INFO  TestBase:70 - Closing Browser
2019-09-10 10:37:13 INFO  TestBase:72 - Browser Closed
2019-09-10 10:39:23 INFO  TestBase:32 - Initiate Browser
2019-09-10 10:39:33 INFO  TestBase:41 - Browser Initiated
2019-09-10 10:39:33 INFO  TestBase:53 - Test name: SidebarTest
2019-09-10 10:43:07 INFO  TestBase:81 - Executed test case name:SidebarTest Execution Results : [TestResult name=SidebarTest status=SUCCESS method=DefectStatus.SidebarTest()[pri:0, instance:tests.DefectStatus.DefectStatus@428640fa] output={null}]
2019-09-10 10:43:07 INFO  TestBase:70 - Closing Browser
2019-09-10 10:43:08 INFO  TestBase:72 - Browser Closed
2019-09-10 10:43:39 INFO  TestBase:32 - Initiate Browser
2019-09-10 10:43:59 INFO  TestBase:41 - Browser Initiated
2019-09-10 10:43:59 INFO  TestBase:53 - Test name: SidebarTest
2019-09-10 10:43:59 INFO  TestBase:81 - Executed test case name:SidebarTest Execution Results : [TestResult name=SidebarTest status=FAILURE method=DefectStatus.SidebarTest()[pri:0, instance:tests.DefectStatus.DefectStatus@62fdb4a6] output={null}]
2019-09-10 10:44:00 INFO  TestBase:70 - Closing Browser
2019-09-10 10:44:01 INFO  TestBase:72 - Browser Closed
2019-09-10 10:44:37 INFO  TestBase:32 - Initiate Browser
2019-09-10 10:44:58 INFO  TestBase:41 - Browser Initiated
2019-09-10 10:44:58 INFO  TestBase:53 - Test name: SidebarTest
2019-09-10 10:46:00 INFO  TestBase:81 - Executed test case name:SidebarTest Execution Results : [TestResult name=SidebarTest status=SUCCESS method=DefectStatus.SidebarTest()[pri:0, instance:tests.DefectStatus.DefectStatus@428640fa] output={null}]
2019-09-10 10:46:00 INFO  TestBase:70 - Closing Browser
2019-09-10 10:46:02 INFO  TestBase:72 - Browser Closed
2019-09-10 10:46:30 INFO  TestBase:32 - Initiate Browser
2019-09-10 10:46:50 INFO  TestBase:41 - Browser Initiated
2019-09-10 10:46:50 INFO  TestBase:53 - Test name: SidebarTest
2019-09-10 10:46:51 INFO  TestBase:81 - Executed test case name:SidebarTest Execution Results : [TestResult name=SidebarTest status=FAILURE method=DefectStatus.SidebarTest()[pri:0, instance:tests.DefectStatus.DefectStatus@62fdb4a6] output={null}]
2019-09-10 10:46:51 INFO  TestBase:70 - Closing Browser
2019-09-10 10:46:52 INFO  TestBase:72 - Browser Closed
2019-09-10 10:47:35 INFO  TestBase:32 - Initiate Browser
2019-09-10 10:47:43 INFO  TestBase:41 - Browser Initiated
2019-09-10 10:47:43 INFO  TestBase:53 - Test name: SidebarTest
2019-09-10 10:47:44 INFO  TestBase:81 - Executed test case name:SidebarTest Execution Results : [TestResult name=SidebarTest status=SUCCESS method=DefectStatus.SidebarTest()[pri:0, instance:tests.DefectStatus.DefectStatus@62fdb4a6] output={null}]
2019-09-10 10:47:44 INFO  TestBase:70 - Closing Browser
2019-09-10 10:47:45 INFO  TestBase:72 - Browser Closed
2019-09-10 10:47:57 INFO  TestBase:32 - Initiate Browser
2019-09-10 10:48:11 INFO  TestBase:41 - Browser Initiated
2019-09-10 10:48:11 INFO  TestBase:53 - Test name: SidebarTest
2019-09-10 10:48:11 INFO  TestBase:81 - Executed test case name:SidebarTest Execution Results : [TestResult name=SidebarTest status=FAILURE method=DefectStatus.SidebarTest()[pri:0, instance:tests.DefectStatus.DefectStatus@62fdb4a6] output={null}]
2019-09-10 10:48:12 INFO  TestBase:70 - Closing Browser
2019-09-10 10:48:13 INFO  TestBase:72 - Browser Closed
2019-09-10 10:48:29 INFO  TestBase:32 - Initiate Browser
2019-09-10 10:48:49 INFO  TestBase:41 - Browser Initiated
2019-09-10 10:48:49 INFO  TestBase:53 - Test name: SidebarTest
2019-09-10 10:48:49 INFO  TestBase:81 - Executed test case name:SidebarTest Execution Results : [TestResult name=SidebarTest status=FAILURE method=DefectStatus.SidebarTest()[pri:0, instance:tests.DefectStatus.DefectStatus@62fdb4a6] output={null}]
2019-09-10 10:48:50 INFO  TestBase:70 - Closing Browser
2019-09-10 10:48:51 INFO  TestBase:72 - Browser Closed
2019-09-10 10:49:08 INFO  TestBase:32 - Initiate Browser
2019-09-10 10:49:28 INFO  TestBase:41 - Browser Initiated
2019-09-10 10:49:28 INFO  TestBase:53 - Test name: SidebarTest
2019-09-10 10:49:28 INFO  TestBase:81 - Executed test case name:SidebarTest Execution Results : [TestResult name=SidebarTest status=FAILURE method=DefectStatus.SidebarTest()[pri:0, instance:tests.DefectStatus.DefectStatus@62fdb4a6] output={null}]
2019-09-10 10:49:28 INFO  TestBase:70 - Closing Browser
2019-09-10 10:49:30 INFO  TestBase:72 - Browser Closed
2019-09-10 10:50:06 INFO  TestBase:32 - Initiate Browser
2019-09-10 10:50:24 INFO  TestBase:41 - Browser Initiated
2019-09-10 10:50:24 INFO  TestBase:53 - Test name: SidebarTest
2019-09-10 10:51:51 INFO  TestBase:81 - Executed test case name:SidebarTest Execution Results : [TestResult name=SidebarTest status=SUCCESS method=DefectStatus.SidebarTest()[pri:0, instance:tests.DefectStatus.DefectStatus@428640fa] output={null}]
2019-09-10 10:51:51 INFO  TestBase:70 - Closing Browser
2019-09-10 10:51:52 INFO  TestBase:72 - Browser Closed
2019-09-10 10:53:49 INFO  TestBase:32 - Initiate Browser
2019-09-10 10:53:58 INFO  TestBase:41 - Browser Initiated
2019-09-10 10:53:58 INFO  TestBase:53 - Test name: SidebarTest
2019-09-10 10:55:50 INFO  TestBase:32 - Initiate Browser
2019-09-10 10:56:09 INFO  TestBase:41 - Browser Initiated
2019-09-10 10:56:09 INFO  TestBase:53 - Test name: addDefectWithoutData
2019-09-10 10:57:04 INFO  TestBase:81 - Executed test case name:addDefectWithoutData Execution Results : [TestResult name=addDefectWithoutData status=FAILURE method=AddDefect.addDefectWithoutData()[pri:0, instance:tests.Defect.AddDefect@428640fa] output={null}]
2019-09-10 10:57:05 INFO  TestBase:70 - Closing Browser
2019-09-10 10:57:07 INFO  TestBase:72 - Browser Closed
2019-09-10 10:59:03 INFO  TestBase:32 - Initiate Browser
2019-09-10 10:59:23 INFO  TestBase:41 - Browser Initiated
2019-09-10 10:59:23 INFO  TestBase:53 - Test name: SidebarTest
2019-09-10 10:59:23 INFO  TestBase:81 - Executed test case name:SidebarTest Execution Results : [TestResult name=SidebarTest status=FAILURE method=DefectStatus.SidebarTest()[pri:0, instance:tests.DefectStatus.DefectStatus@62fdb4a6] output={null}]
2019-09-10 10:59:24 INFO  TestBase:70 - Closing Browser
2019-09-10 10:59:25 INFO  TestBase:72 - Browser Closed
2019-09-10 11:04:01 INFO  TestBase:32 - Initiate Browser
2019-09-10 11:04:22 INFO  TestBase:41 - Browser Initiated
2019-09-10 11:04:22 INFO  TestBase:53 - Test name: SidebarTest
2019-09-10 11:04:22 INFO  TestBase:81 - Executed test case name:SidebarTest Execution Results : [TestResult name=SidebarTest status=FAILURE method=DefectStatus.SidebarTest()[pri:0, instance:tests.DefectStatus.DefectStatus@62fdb4a6] output={null}]
2019-09-10 11:04:22 INFO  TestBase:70 - Closing Browser
2019-09-10 11:04:24 INFO  TestBase:72 - Browser Closed
2019-09-10 11:04:39 INFO  TestBase:32 - Initiate Browser
2019-09-10 11:04:58 INFO  TestBase:41 - Browser Initiated
2019-09-10 11:04:58 INFO  TestBase:53 - Test name: SidebarTest
2019-09-10 11:04:58 INFO  TestBase:81 - Executed test case name:SidebarTest Execution Results : [TestResult name=SidebarTest status=FAILURE method=DefectStatus.SidebarTest()[pri:0, instance:tests.DefectStatus.DefectStatus@62fdb4a6] output={null}]
2019-09-10 11:04:59 INFO  TestBase:70 - Closing Browser
2019-09-10 11:05:00 INFO  TestBase:72 - Browser Closed
2019-09-10 11:05:16 INFO  TestBase:32 - Initiate Browser
2019-09-10 11:05:36 INFO  TestBase:41 - Browser Initiated
2019-09-10 11:05:36 INFO  TestBase:53 - Test name: SidebarTest
2019-09-10 11:05:36 INFO  TestBase:81 - Executed test case name:SidebarTest Execution Results : [TestResult name=SidebarTest status=SUCCESS method=DefectStatus.SidebarTest()[pri:0, instance:tests.DefectStatus.DefectStatus@62fdb4a6] output={null}]
2019-09-10 11:05:36 INFO  TestBase:70 - Closing Browser
2019-09-10 11:05:37 INFO  TestBase:72 - Browser Closed
2019-09-10 11:08:08 INFO  TestBase:32 - Initiate Browser
2019-09-10 11:08:16 INFO  TestBase:41 - Browser Initiated
2019-09-10 11:08:16 INFO  TestBase:53 - Test name: SidebarTest
2019-09-10 11:08:16 INFO  TestBase:81 - Executed test case name:SidebarTest Execution Results : [TestResult name=SidebarTest status=FAILURE method=DefectStatus.SidebarTest()[pri:0, instance:tests.DefectStatus.DefectStatus@62fdb4a6] output={null}]
2019-09-10 11:08:17 INFO  TestBase:70 - Closing Browser
2019-09-10 11:08:18 INFO  TestBase:72 - Browser Closed
2019-09-10 11:13:45 INFO  TestBase:32 - Initiate Browser
2019-09-10 11:14:05 INFO  TestBase:41 - Browser Initiated
2019-09-10 11:14:05 INFO  TestBase:53 - Test name: SidebarTest
2019-09-10 11:14:08 INFO  TestBase:81 - Executed test case name:SidebarTest Execution Results : [TestResult name=SidebarTest status=SUCCESS method=DefectStatus.SidebarTest()[pri:0, instance:tests.DefectStatus.DefectStatus@62fdb4a6] output={null}]
2019-09-10 11:14:08 INFO  TestBase:70 - Closing Browser
2019-09-10 11:14:10 INFO  TestBase:72 - Browser Closed
2019-09-10 11:32:45 INFO  TestBase:32 - Initiate Browser
2019-09-10 11:33:04 INFO  TestBase:41 - Browser Initiated
2019-09-10 11:33:04 INFO  TestBase:53 - Test name: SidebarTest
2019-09-10 11:33:07 INFO  TestBase:81 - Executed test case name:SidebarTest Execution Results : [TestResult name=SidebarTest status=SUCCESS method=DefectStatus.SidebarTest()[pri:0, instance:tests.DefectStatus.DefectStatus@62fdb4a6] output={null}]
2019-09-10 11:33:07 INFO  TestBase:70 - Closing Browser
2019-09-10 11:33:08 INFO  TestBase:72 - Browser Closed
2019-09-10 11:41:37 INFO  TestBase:32 - Initiate Browser
2019-09-10 11:41:56 INFO  TestBase:41 - Browser Initiated
2019-09-10 11:41:56 INFO  TestBase:53 - Test name: addstatuselementcheck
2019-09-10 11:42:00 INFO  TestBase:81 - Executed test case name:addstatuselementcheck Execution Results : [TestResult name=addstatuselementcheck status=FAILURE method=DefectStatus.addstatuselementcheck()[pri:0, instance:tests.DefectStatus.DefectStatus@11e21d0e] output={null}]
2019-09-10 11:42:00 INFO  TestBase:70 - Closing Browser
2019-09-10 11:42:02 INFO  TestBase:72 - Browser Closed
2019-09-10 11:42:28 INFO  TestBase:32 - Initiate Browser
2019-09-10 11:42:37 INFO  TestBase:41 - Browser Initiated
2019-09-10 11:42:37 INFO  TestBase:53 - Test name: addstatuselementcheck
2019-09-10 11:42:43 INFO  TestBase:81 - Executed test case name:addstatuselementcheck Execution Results : [TestResult name=addstatuselementcheck status=SUCCESS method=DefectStatus.addstatuselementcheck()[pri:0, instance:tests.DefectStatus.DefectStatus@11e21d0e] output={null}]
2019-09-10 11:42:43 INFO  TestBase:70 - Closing Browser
2019-09-10 11:42:44 INFO  TestBase:72 - Browser Closed
2019-09-10 14:18:27 INFO  TestBase:32 - Initiate Browser
2019-09-10 14:18:45 INFO  TestBase:41 - Browser Initiated
2019-09-10 14:18:46 INFO  TestBase:53 - Test name: addstatus
2019-09-10 14:18:52 INFO  TestBase:81 - Executed test case name:addstatus Execution Results : [TestResult name=addstatus status=SUCCESS method=DefectStatus.addstatus()[pri:0, instance:tests.DefectStatus.DefectStatus@11e21d0e] output={null}]
2019-09-10 14:18:52 INFO  TestBase:70 - Closing Browser
2019-09-10 14:18:53 INFO  TestBase:72 - Browser Closed
2019-09-10 14:20:01 INFO  TestBase:32 - Initiate Browser
2019-09-10 14:20:25 INFO  TestBase:41 - Browser Initiated
2019-09-10 14:20:25 INFO  TestBase:53 - Test name: addstatus
2019-09-10 14:20:32 INFO  TestBase:81 - Executed test case name:addstatus Execution Results : [TestResult name=addstatus status=SUCCESS method=DefectStatus.addstatus()[pri:0, instance:tests.DefectStatus.DefectStatus@11e21d0e] output={null}]
2019-09-10 14:20:32 INFO  TestBase:70 - Closing Browser
2019-09-10 14:20:33 INFO  TestBase:72 - Browser Closed
2019-09-10 14:23:11 INFO  TestBase:32 - Initiate Browser
2019-09-10 14:23:30 INFO  TestBase:41 - Browser Initiated
2019-09-10 14:23:30 INFO  TestBase:53 - Test name: testLogin
2019-09-10 14:23:31 INFO  TestBase:81 - Executed test case name:testLogin Execution Results : [TestResult name=testLogin status=SUCCESS method=Tests.testLogin()[pri:0, instance:tests.Tests@b59d31] output={null}]
2019-09-10 14:23:31 INFO  TestBase:70 - Closing Browser
2019-09-10 14:23:32 INFO  TestBase:72 - Browser Closed
2019-09-10 14:24:03 INFO  TestBase:32 - Initiate Browser
2019-09-10 14:24:23 INFO  TestBase:41 - Browser Initiated
2019-09-10 14:24:23 INFO  TestBase:53 - Test name: addEmployee
2019-09-10 14:24:32 INFO  TestBase:81 - Executed test case name:addEmployee Execution Results : [TestResult name=addEmployee status=SUCCESS method=AddEmployee.addEmployee()[pri:0, instance:tests.Employee.AddEmployee@76329302] output={null}]
2019-09-10 14:24:33 INFO  TestBase:70 - Closing Browser
2019-09-10 14:24:34 INFO  TestBase:72 - Browser Closed
2019-09-10 14:24:34 INFO  TestBase:32 - Initiate Browser
2019-09-10 14:24:51 INFO  TestBase:41 - Browser Initiated
2019-09-10 14:24:51 INFO  TestBase:53 - Test name: addEmployeeWithBlankEmpID
2019-09-10 14:24:59 INFO  TestBase:81 - Executed test case name:addEmployeeWithBlankEmpID Execution Results : [TestResult name=addEmployeeWithBlankEmpID status=SUCCESS method=AddEmployee.addEmployeeWithBlankEmpID()[pri:0, instance:tests.Employee.AddEmployee@76329302] output={null}]
2019-09-10 14:24:59 INFO  TestBase:70 - Closing Browser
2019-09-10 14:24:59 INFO  TestBase:72 - Browser Closed
2019-09-10 14:25:14 INFO  TestBase:32 - Initiate Browser
2019-09-10 14:25:32 INFO  TestBase:41 - Browser Initiated
2019-09-10 14:25:32 INFO  TestBase:53 - Test name: addStatus
2019-09-10 14:25:34 INFO  TestBase:81 - Executed test case name:addStatus Execution Results : [TestResult name=addStatus status=SUCCESS method=DefectStatus.addStatus()[pri:0, instance:tests.DefectStatus.DefectStatus@4659191b] output={null}]
2019-09-10 14:25:34 INFO  TestBase:70 - Closing Browser
2019-09-10 14:25:35 INFO  TestBase:72 - Browser Closed
2019-09-10 14:25:35 INFO  TestBase:32 - Initiate Browser
2019-09-10 14:25:52 INFO  TestBase:41 - Browser Initiated
2019-09-10 14:25:52 INFO  TestBase:53 - Test name: EmptyStatus
2019-09-10 14:25:54 INFO  TestBase:81 - Executed test case name:EmptyStatus Execution Results : [TestResult name=EmptyStatus status=SUCCESS method=DefectStatus.EmptyStatus()[pri:0, instance:tests.DefectStatus.DefectStatus@4659191b] output={null}]
2019-09-10 14:25:54 INFO  TestBase:70 - Closing Browser
2019-09-10 14:25:55 INFO  TestBase:72 - Browser Closed
2019-09-10 14:25:55 INFO  TestBase:32 - Initiate Browser
2019-09-10 14:26:13 INFO  TestBase:41 - Browser Initiated
2019-09-10 14:26:13 INFO  TestBase:53 - Test name: DecrptionAddStatus
2019-09-10 14:26:15 INFO  TestBase:81 - Executed test case name:DecrptionAddStatus Execution Results : [TestResult name=DecrptionAddStatus status=SUCCESS method=DefectStatus.DecrptionAddStatus()[pri:0, instance:tests.DefectStatus.DefectStatus@4659191b] output={null}]
2019-09-10 14:26:15 INFO  TestBase:70 - Closing Browser
2019-09-10 14:26:15 INFO  TestBase:72 - Browser Closed
2019-09-10 14:26:15 INFO  TestBase:32 - Initiate Browser
2019-09-10 14:26:33 INFO  TestBase:41 - Browser Initiated
2019-09-10 14:26:33 INFO  TestBase:53 - Test name: NumbervalueAddStatus
2019-09-10 14:26:37 INFO  TestBase:81 - Executed test case name:NumbervalueAddStatus Execution Results : [TestResult name=NumbervalueAddStatus status=FAILURE method=DefectStatus.NumbervalueAddStatus()[pri:0, instance:tests.DefectStatus.DefectStatus@4659191b] output={null}]
2019-09-10 14:26:37 INFO  TestBase:70 - Closing Browser
2019-09-10 14:26:38 INFO  TestBase:72 - Browser Closed
2019-09-10 14:26:38 INFO  TestBase:32 - Initiate Browser
2019-09-10 14:26:55 INFO  TestBase:41 - Browser Initiated
2019-09-10 14:26:55 INFO  TestBase:53 - Test name: onlyAddStatus
2019-09-10 14:26:57 INFO  TestBase:81 - Executed test case name:onlyAddStatus Execution Results : [TestResult name=onlyAddStatus status=SUCCESS method=DefectStatus.onlyAddStatus()[pri:0, instance:tests.DefectStatus.DefectStatus@4659191b] output={null}]
2019-09-10 14:26:57 INFO  TestBase:70 - Closing Browser
2019-09-10 14:26:58 INFO  TestBase:72 - Browser Closed
2019-09-10 14:26:58 INFO  TestBase:32 - Initiate Browser
2019-09-10 14:27:20 INFO  TestBase:41 - Browser Initiated
2019-09-10 14:27:20 INFO  TestBase:53 - Test name: SidebarTest
2019-09-10 14:27:20 INFO  TestBase:81 - Executed test case name:SidebarTest Execution Results : [TestResult name=SidebarTest status=SUCCESS method=DefectStatus.SidebarTest()[pri:0, instance:tests.DefectStatus.DefectStatus@4659191b] output={null}]
2019-09-10 14:27:20 INFO  TestBase:70 - Closing Browser
2019-09-10 14:27:21 INFO  TestBase:72 - Browser Closed
2019-09-10 14:27:21 INFO  TestBase:32 - Initiate Browser
2019-09-10 14:27:38 INFO  TestBase:41 - Browser Initiated
2019-09-10 14:27:38 INFO  TestBase:53 - Test name: addstatus
2019-09-10 14:27:46 INFO  TestBase:81 - Executed test case name:addstatus Execution Results : [TestResult name=addstatus status=SUCCESS method=DefectStatus.addstatus()[pri:0, instance:tests.DefectStatus.DefectStatus@4659191b] output={null}]
2019-09-10 14:27:46 INFO  TestBase:70 - Closing Browser
2019-09-10 14:27:46 INFO  TestBase:72 - Browser Closed
2019-09-10 14:27:46 INFO  TestBase:32 - Initiate Browser
2019-09-10 14:28:04 INFO  TestBase:41 - Browser Initiated
2019-09-10 14:28:04 INFO  TestBase:53 - Test name: addstatustest
2019-09-10 14:28:04 INFO  TestBase:81 - Executed test case name:addstatustest Execution Results : [TestResult name=addstatustest status=SUCCESS method=DefectStatus.addstatustest()[pri:0, instance:tests.DefectStatus.DefectStatus@4659191b] output={null}]
2019-09-10 14:28:04 INFO  TestBase:70 - Closing Browser
2019-09-10 14:28:05 INFO  TestBase:72 - Browser Closed
2019-09-10 14:28:05 INFO  TestBase:32 - Initiate Browser
2019-09-10 14:28:22 INFO  TestBase:41 - Browser Initiated
2019-09-10 14:28:22 INFO  TestBase:53 - Test name: getMeassage
2019-09-10 14:28:25 INFO  TestBase:81 - Executed test case name:getMeassage Execution Results : [TestResult name=getMeassage status=FAILURE method=DefectStatus.getMeassage()[pri:0, instance:tests.DefectStatus.DefectStatus@4659191b] output={null}]
2019-09-10 14:28:26 INFO  TestBase:70 - Closing Browser
2019-09-10 14:28:27 INFO  TestBase:72 - Browser Closed
=======
2019-09-10 10:31:13 INFO  TestBase:32 - Initiate Browser
2019-09-10 10:31:29 INFO  TestBase:41 - Browser Initiated
2019-09-10 10:31:29 INFO  TestBase:53 - Test name: addDefectType
2019-09-10 10:31:37 INFO  TestBase:81 - Executed test case name:addDefectType Execution Results : [TestResult name=addDefectType status=SUCCESS method=AddDefectType.addDefectType()[pri:0, instance:tests.Defect.AddDefectType@45afc369] output={null}]
2019-09-10 10:31:37 INFO  TestBase:70 - Closing Browser
2019-09-10 10:31:38 INFO  TestBase:72 - Browser Closed
>>>>>>> 3e73f077321866f414abb990900dd70589339416
2019-09-10 14:55:09 INFO  TestBase:32 - Initiate Browser
2019-09-10 14:55:24 INFO  TestBase:41 - Browser Initiated
2019-09-10 14:55:24 INFO  TestBase:53 - Test name: editSeverityFormVerify
2019-09-10 14:55:26 INFO  TestBase:81 - Executed test case name:editSeverityFormVerify Execution Results : [TestResult name=editSeverityFormVerify status=SUCCESS method=EditSeverityTest.editSeverityFormVerify()[pri:0, instance:tests.Severity.EditSeverityTest@4df828d7] output={null}]
2019-09-10 14:55:26 INFO  TestBase:70 - Closing Browser
2019-09-10 14:55:27 INFO  TestBase:72 - Browser Closed
2019-09-10 15:25:36 INFO  TestBase:32 - Initiate Browser
2019-09-11 09:39:16 INFO  TestBase:32 - Initiate Browser
2019-09-11 09:39:38 INFO  TestBase:41 - Browser Initiated
2019-09-11 09:39:38 INFO  TestBase:53 - Test name: severityEditBtnVerify
2019-09-11 09:39:40 INFO  TestBase:81 - Executed test case name:severityEditBtnVerify Execution Results : [TestResult name=severityEditBtnVerify status=SUCCESS method=EditSeverityTest.severityEditBtnVerify()[pri:0, instance:tests.Severity.EditSeverityTest@70beb599] output={null}]
2019-09-11 09:39:40 INFO  TestBase:70 - Closing Browser
2019-09-11 09:39:41 INFO  TestBase:72 - Browser Closed
2019-09-11 10:34:33 INFO  TestBase:32 - Initiate Browser
2019-09-11 10:34:39 INFO  TestBase:41 - Browser Initiated
2019-09-11 10:34:39 INFO  TestBase:53 - Test name: editSeverityItemVerify
2019-09-11 10:34:40 INFO  TestBase:81 - Executed test case name:editSeverityItemVerify Execution Results : [TestResult name=editSeverityItemVerify status=SUCCESS method=EditSeverityTest.editSeverityItemVerify()[pri:0, instance:tests.Severity.EditSeverityTest@4df828d7] output={null}]
2019-09-11 10:34:40 INFO  TestBase:70 - Closing Browser
2019-09-11 10:34:41 INFO  TestBase:72 - Browser Closed
2019-09-11 10:35:17 INFO  TestBase:32 - Initiate Browser
2019-09-11 10:35:34 INFO  TestBase:41 - Browser Initiated
2019-09-11 10:35:34 INFO  TestBase:53 - Test name: editSeverity
2019-09-11 10:35:37 INFO  TestBase:81 - Executed test case name:editSeverity Execution Results : [TestResult name=editSeverity status=SUCCESS method=EditSeverityTest.editSeverity()[pri:0, instance:tests.Severity.EditSeverityTest@11e21d0e] output={null}]
2019-09-11 10:35:37 INFO  TestBase:70 - Closing Browser
2019-09-11 10:35:38 INFO  TestBase:72 - Browser Closed
2019-09-11 11:08:43 INFO  TestBase:32 - Initiate Browser
2019-09-11 11:08:49 INFO  TestBase:41 - Browser Initiated
2019-09-11 11:08:49 INFO  TestBase:53 - Test name: editedItemCheck
2019-09-11 11:08:50 INFO  TestBase:81 - Executed test case name:editedItemCheck Execution Results : [TestResult name=editedItemCheck status=SUCCESS method=EditSeverityTest.editedItemCheck()[pri:0, instance:tests.Severity.EditSeverityTest@4df828d7] output={null}]
2019-09-11 11:08:50 INFO  TestBase:70 - Closing Browser
2019-09-11 11:08:51 INFO  TestBase:72 - Browser Closed
2019-09-11 11:17:46 INFO  TestBase:32 - Initiate Browser
2019-09-11 11:18:03 INFO  TestBase:41 - Browser Initiated
2019-09-11 11:18:03 INFO  TestBase:53 - Test name: SeverityAddedItemCheck
2019-09-11 11:18:03 INFO  TestBase:81 - Executed test case name:SeverityAddedItemCheck Execution Results : [TestResult name=SeverityAddedItemCheck status=SUCCESS method=AddSeverityTest.SeverityAddedItemCheck()[pri:0, instance:tests.Severity.AddSeverityTest@1dd02175] output={null}]
2019-09-11 11:18:03 INFO  TestBase:70 - Closing Browser
2019-09-11 11:18:04 INFO  TestBase:72 - Browser Closed
2019-09-11 11:26:32 INFO  TestBase:32 - Initiate Browser
2019-09-11 11:26:49 INFO  TestBase:41 - Browser Initiated
2019-09-11 11:26:49 INFO  TestBase:53 - Test name: editSeverityItemVerify
2019-09-11 11:26:50 INFO  TestBase:81 - Executed test case name:editSeverityItemVerify Execution Results : [TestResult name=editSeverityItemVerify status=SUCCESS method=EditSeverityTest.editSeverityItemVerify()[pri:0, instance:tests.Severity.EditSeverityTest@11e21d0e] output={null}]
2019-09-11 11:26:50 INFO  TestBase:70 - Closing Browser
2019-09-11 11:26:51 INFO  TestBase:72 - Browser Closed
2019-09-11 11:31:20 INFO  TestBase:32 - Initiate Browser
2019-09-11 11:31:26 INFO  TestBase:41 - Browser Initiated
2019-09-11 11:31:26 INFO  TestBase:53 - Test name: editSeverityItemVerify
2019-09-11 11:31:27 INFO  TestBase:81 - Executed test case name:editSeverityItemVerify Execution Results : [TestResult name=editSeverityItemVerify status=SUCCESS method=EditSeverityTest.editSeverityItemVerify()[pri:0, instance:tests.Severity.EditSeverityTest@76329302] output={null}]
2019-09-11 11:31:27 INFO  TestBase:70 - Closing Browser
2019-09-11 11:31:28 INFO  TestBase:72 - Browser Closed
2019-09-11 11:56:14 INFO  TestBase:32 - Initiate Browser
2019-09-11 11:56:31 INFO  TestBase:41 - Browser Initiated
2019-09-11 11:56:31 INFO  TestBase:53 - Test name: clickGeneranConfiSettingVerify
2019-09-11 11:56:31 INFO  TestBase:81 - Executed test case name:clickGeneranConfiSettingVerify Execution Results : [TestResult name=clickGeneranConfiSettingVerify status=SUCCESS method=AddPriorityTest.clickGeneranConfiSettingVerify()[pri:0, instance:tests.Priority.AddPriorityTest@11e21d0e] output={null}]
2019-09-11 11:56:31 INFO  TestBase:70 - Closing Browser
2019-09-11 11:56:32 INFO  TestBase:72 - Browser Closed
2019-09-11 11:56:38 INFO  TestBase:32 - Initiate Browser
2019-09-11 11:56:55 INFO  TestBase:41 - Browser Initiated
2019-09-11 11:56:55 INFO  TestBase:53 - Test name: clickSettingVerify
2019-09-11 11:56:55 INFO  TestBase:81 - Executed test case name:clickSettingVerify Execution Results : [TestResult name=clickSettingVerify status=SUCCESS method=AddPriorityTest.clickSettingVerify()[pri:0, instance:tests.Priority.AddPriorityTest@11e21d0e] output={null}]
2019-09-11 11:56:55 INFO  TestBase:70 - Closing Browser
2019-09-11 11:56:56 INFO  TestBase:72 - Browser Closed
2019-09-11 12:03:58 INFO  TestBase:32 - Initiate Browser
2019-09-11 12:04:14 INFO  TestBase:41 - Browser Initiated
2019-09-11 12:04:14 INFO  TestBase:53 - Test name: clickSettingVerify
2019-09-11 12:04:15 INFO  TestBase:81 - Executed test case name:clickSettingVerify Execution Results : [TestResult name=clickSettingVerify status=SUCCESS method=AddPriorityTest.clickSettingVerify()[pri:0, instance:tests.Priority.AddPriorityTest@11e21d0e] output={null}]
2019-09-11 12:04:15 INFO  TestBase:70 - Closing Browser
2019-09-11 12:04:16 INFO  TestBase:72 - Browser Closed
2019-09-11 14:12:57 INFO  TestBase:32 - Initiate Browser
2019-09-11 14:13:14 INFO  TestBase:41 - Browser Initiated
2019-09-11 14:13:14 INFO  TestBase:53 - Test name: Priority1PageVerify
2019-09-11 14:13:14 INFO  PriorityPage:42 - Priority Page is Displayed 
2019-09-11 14:13:14 INFO  TestBase:81 - Executed test case name:Priority1PageVerify Execution Results : [TestResult name=Priority1PageVerify status=SUCCESS method=AddPriorityTest.Priority1PageVerify()[pri:0, instance:tests.Priority.AddPriorityTest@11e21d0e] output={null}]
2019-09-11 14:13:14 INFO  TestBase:70 - Closing Browser
2019-09-11 14:13:15 INFO  TestBase:72 - Browser Closed
2019-09-11 14:28:49 INFO  TestBase:32 - Initiate Browser
2019-09-11 14:28:55 INFO  TestBase:41 - Browser Initiated
2019-09-11 14:28:55 INFO  TestBase:53 - Test name: SeverityAddBtnVerify
2019-09-11 14:28:56 INFO  TestBase:81 - Executed test case name:SeverityAddBtnVerify Execution Results : [TestResult name=SeverityAddBtnVerify status=FAILURE method=AddSeverityTest.SeverityAddBtnVerify()[pri:0, instance:tests.Severity.AddSeverityTest@1dd02175] output={null}]
2019-09-11 14:28:57 INFO  TestBase:70 - Closing Browser
2019-09-11 14:28:57 INFO  TestBase:72 - Browser Closed
2019-09-11 14:29:48 INFO  TestBase:32 - Initiate Browser
2019-09-11 14:29:54 INFO  TestBase:41 - Browser Initiated
2019-09-11 14:29:54 INFO  TestBase:53 - Test name: SeverityAddBtnVerify
2019-09-11 14:29:55 INFO  TestBase:81 - Executed test case name:SeverityAddBtnVerify Execution Results : [TestResult name=SeverityAddBtnVerify status=SUCCESS method=AddSeverityTest.SeverityAddBtnVerify()[pri:0, instance:tests.Severity.AddSeverityTest@1dd02175] output={null}]
2019-09-11 14:29:55 INFO  TestBase:70 - Closing Browser
2019-09-11 14:29:55 INFO  TestBase:72 - Browser Closed
2019-09-11 14:30:32 INFO  TestBase:32 - Initiate Browser
2019-09-11 14:30:44 INFO  TestBase:41 - Browser Initiated
2019-09-11 14:30:44 INFO  TestBase:53 - Test name: SeverityAddBtnVerify
2019-09-11 14:30:45 INFO  TestBase:81 - Executed test case name:SeverityAddBtnVerify Execution Results : [TestResult name=SeverityAddBtnVerify status=FAILURE method=AddSeverityTest.SeverityAddBtnVerify()[pri:0, instance:tests.Severity.AddSeverityTest@1dd02175] output={null}]
2019-09-11 14:30:45 INFO  TestBase:70 - Closing Browser
2019-09-11 14:30:46 INFO  TestBase:72 - Browser Closed
2019-09-11 14:32:28 INFO  TestBase:32 - Initiate Browser
2019-09-11 14:32:34 INFO  TestBase:41 - Browser Initiated
2019-09-11 14:32:34 INFO  TestBase:53 - Test name: SeverityAddBtnVerify
2019-09-11 14:32:35 INFO  TestBase:81 - Executed test case name:SeverityAddBtnVerify Execution Results : [TestResult name=SeverityAddBtnVerify status=SUCCESS method=AddSeverityTest.SeverityAddBtnVerify()[pri:0, instance:tests.Severity.AddSeverityTest@1dd02175] output={null}]
2019-09-11 14:32:35 INFO  TestBase:70 - Closing Browser
2019-09-11 14:32:35 INFO  TestBase:72 - Browser Closed
2019-09-11 14:45:08 INFO  TestBase:32 - Initiate Browser
2019-09-11 14:45:24 INFO  TestBase:41 - Browser Initiated
2019-09-11 14:45:24 INFO  TestBase:53 - Test name: Priority1PageVerify
2019-09-11 14:45:25 INFO  TestBase:81 - Executed test case name:Priority1PageVerify Execution Results : [TestResult name=Priority1PageVerify status=SUCCESS method=AddPriorityTest.Priority1PageVerify()[pri:0, instance:tests.Priority.AddPriorityTest@11e21d0e] output={null}]
2019-09-11 14:45:25 INFO  TestBase:70 - Closing Browser
2019-09-11 14:45:26 INFO  TestBase:72 - Browser Closed
2019-09-11 16:01:58 INFO  TestBase:32 - Initiate Browser
2019-09-11 16:02:04 INFO  TestBase:41 - Browser Initiated
2019-09-11 16:02:04 INFO  TestBase:53 - Test name: cancelSeverity
2019-09-11 16:02:06 INFO  TestBase:81 - Executed test case name:cancelSeverity Execution Results : [TestResult name=cancelSeverity status=SUCCESS method=AddSeverityTest.cancelSeverity()[pri:0, instance:tests.Severity.AddSeverityTest@1dd02175] output={null}]
2019-09-11 16:02:06 INFO  TestBase:70 - Closing Browser
2019-09-11 16:02:07 INFO  TestBase:72 - Browser Closed
2019-09-12 10:24:49 INFO  TestBase:32 - Initiate Browser
2019-09-12 10:25:07 INFO  TestBase:41 - Browser Initiated
2019-09-12 10:25:07 INFO  TestBase:53 - Test name: clickSettingVerify
2019-09-12 10:25:07 INFO  TestBase:81 - Executed test case name:clickSettingVerify Execution Results : [TestResult name=clickSettingVerify status=FAILURE method=AddPriorityTest.clickSettingVerify()[pri:0, instance:tests.Priority.AddPriorityTest@1dd02175] output={null}]
2019-09-12 10:25:08 INFO  TestBase:70 - Closing Browser
2019-09-12 10:25:09 INFO  TestBase:72 - Browser Closed
2019-09-12 10:25:16 INFO  TestBase:32 - Initiate Browser
2019-09-12 10:25:33 INFO  TestBase:41 - Browser Initiated
2019-09-12 10:25:33 INFO  TestBase:53 - Test name: clickSettingVerify
2019-09-12 10:25:34 INFO  TestBase:81 - Executed test case name:clickSettingVerify Execution Results : [TestResult name=clickSettingVerify status=FAILURE method=AddPriorityTest.clickSettingVerify()[pri:0, instance:tests.Priority.AddPriorityTest@1dd02175] output={null}]
2019-09-12 10:25:34 INFO  TestBase:70 - Closing Browser
2019-09-12 10:25:35 INFO  TestBase:72 - Browser Closed
2019-09-12 10:26:14 INFO  TestBase:32 - Initiate Browser
2019-09-12 10:26:20 INFO  TestBase:41 - Browser Initiated
2019-09-12 10:26:20 INFO  TestBase:53 - Test name: clickSettingVerify
2019-09-12 10:26:20 INFO  TestBase:81 - Executed test case name:clickSettingVerify Execution Results : [TestResult name=clickSettingVerify status=SUCCESS method=AddPriorityTest.clickSettingVerify()[pri:0, instance:tests.Priority.AddPriorityTest@1dd02175] output={null}]
2019-09-12 10:26:20 INFO  TestBase:70 - Closing Browser
2019-09-12 10:26:21 INFO  TestBase:72 - Browser Closed
2019-09-12 11:43:28 INFO  TestBase:32 - Initiate Browser
2019-09-12 11:43:40 INFO  TestBase:41 - Browser Initiated
2019-09-12 11:43:40 INFO  TestBase:53 - Test name: afterCancelCheckField
2019-09-12 11:43:42 INFO  TestBase:81 - Executed test case name:afterCancelCheckField Execution Results : [TestResult name=afterCancelCheckField status=SUCCESS method=AddSeverityTest.afterCancelCheckField()[pri:0, instance:tests.Severity.AddSeverityTest@1dd02175] output={null}]
2019-09-12 11:43:42 INFO  TestBase:70 - Closing Browser
2019-09-12 11:43:43 INFO  TestBase:72 - Browser Closed
2019-09-12 11:44:13 INFO  TestBase:32 - Initiate Browser
2019-09-12 11:44:31 INFO  TestBase:41 - Browser Initiated
2019-09-12 11:44:31 INFO  TestBase:53 - Test name: afterCancelCheckField
2019-09-12 11:44:38 INFO  TestBase:81 - Executed test case name:afterCancelCheckField Execution Results : [TestResult name=afterCancelCheckField status=SUCCESS method=AddSeverityTest.afterCancelCheckField()[pri:0, instance:tests.Severity.AddSeverityTest@1dd02175] output={null}]
2019-09-12 11:44:38 INFO  TestBase:70 - Closing Browser
2019-09-12 11:44:39 INFO  TestBase:72 - Browser Closed
2019-09-12 11:44:51 INFO  TestBase:32 - Initiate Browser
2019-09-12 11:44:57 INFO  TestBase:41 - Browser Initiated
2019-09-12 11:44:57 INFO  TestBase:53 - Test name: afterCancelCheckField
2019-09-12 11:45:04 INFO  TestBase:81 - Executed test case name:afterCancelCheckField Execution Results : [TestResult name=afterCancelCheckField status=SUCCESS method=AddSeverityTest.afterCancelCheckField()[pri:0, instance:tests.Severity.AddSeverityTest@1dd02175] output={null}]
2019-09-12 11:45:04 INFO  TestBase:70 - Closing Browser
2019-09-12 11:45:05 INFO  TestBase:72 - Browser Closed
2019-09-12 11:45:57 INFO  TestBase:32 - Initiate Browser
2019-09-12 11:46:04 INFO  TestBase:41 - Browser Initiated
2019-09-12 11:46:04 INFO  TestBase:53 - Test name: afterCancelCheckField
2019-09-12 11:46:11 INFO  TestBase:81 - Executed test case name:afterCancelCheckField Execution Results : [TestResult name=afterCancelCheckField status=SUCCESS method=AddSeverityTest.afterCancelCheckField()[pri:0, instance:tests.Severity.AddSeverityTest@1dd02175] output={null}]
2019-09-12 11:46:11 INFO  TestBase:70 - Closing Browser
2019-09-12 11:46:12 INFO  TestBase:72 - Browser Closed
2019-09-12 11:56:26 INFO  TestBase:32 - Initiate Browser
2019-09-12 11:56:38 INFO  TestBase:41 - Browser Initiated
2019-09-12 11:56:38 INFO  TestBase:53 - Test name: afterCancelCheckField
2019-09-12 11:56:46 INFO  TestBase:81 - Executed test case name:afterCancelCheckField Execution Results : [TestResult name=afterCancelCheckField status=SUCCESS method=AddSeverityTest.afterCancelCheckField()[pri:0, instance:tests.Severity.AddSeverityTest@1dd02175] output={null}]
2019-09-12 11:56:46 INFO  TestBase:70 - Closing Browser
2019-09-12 11:56:46 INFO  TestBase:72 - Browser Closed
2019-09-12 11:58:12 INFO  TestBase:32 - Initiate Browser
2019-09-12 11:58:29 INFO  TestBase:41 - Browser Initiated
2019-09-12 11:58:29 INFO  TestBase:53 - Test name: afterCancelCheckField
2019-09-12 11:58:36 INFO  TestBase:81 - Executed test case name:afterCancelCheckField Execution Results : [TestResult name=afterCancelCheckField status=SUCCESS method=AddSeverityTest.afterCancelCheckField()[pri:0, instance:tests.Severity.AddSeverityTest@1dd02175] output={null}]
2019-09-12 11:58:36 INFO  TestBase:70 - Closing Browser
2019-09-12 11:58:37 INFO  TestBase:72 - Browser Closed
2019-09-12 12:48:41 INFO  TestBase:32 - Initiate Browser
2019-09-12 12:48:48 INFO  TestBase:41 - Browser Initiated
2019-09-12 12:48:48 INFO  TestBase:53 - Test name: afterCancelCheckField
2019-09-12 12:48:55 INFO  TestBase:81 - Executed test case name:afterCancelCheckField Execution Results : [TestResult name=afterCancelCheckField status=SUCCESS method=AddSeverityTest.afterCancelCheckField()[pri:0, instance:tests.Severity.AddSeverityTest@1dd02175] output={null}]
2019-09-12 12:48:55 INFO  TestBase:70 - Closing Browser
2019-09-12 12:48:56 INFO  TestBase:72 - Browser Closed
2019-09-12 12:49:56 INFO  TestBase:32 - Initiate Browser
2019-09-12 12:50:13 INFO  TestBase:41 - Browser Initiated
2019-09-12 12:50:13 INFO  TestBase:53 - Test name: afterCancelCheckField
2019-09-12 12:50:21 INFO  TestBase:81 - Executed test case name:afterCancelCheckField Execution Results : [TestResult name=afterCancelCheckField status=SUCCESS method=AddSeverityTest.afterCancelCheckField()[pri:0, instance:tests.Severity.AddSeverityTest@1dd02175] output={null}]
2019-09-12 12:50:21 INFO  TestBase:70 - Closing Browser
2019-09-12 12:50:21 INFO  TestBase:72 - Browser Closed
2019-09-12 12:51:34 INFO  TestBase:32 - Initiate Browser
2019-09-12 12:51:51 INFO  TestBase:41 - Browser Initiated
2019-09-12 12:51:51 INFO  TestBase:53 - Test name: afterCancelCheckField
2019-09-12 12:51:53 INFO  TestBase:81 - Executed test case name:afterCancelCheckField Execution Results : [TestResult name=afterCancelCheckField status=FAILURE method=AddSeverityTest.afterCancelCheckField()[pri:0, instance:tests.Severity.AddSeverityTest@1dd02175] output={null}]
2019-09-12 12:51:53 INFO  TestBase:70 - Closing Browser
2019-09-12 12:51:54 INFO  TestBase:72 - Browser Closed
2019-09-12 12:52:14 INFO  TestBase:32 - Initiate Browser
2019-09-12 12:52:20 INFO  TestBase:41 - Browser Initiated
2019-09-12 12:52:20 INFO  TestBase:53 - Test name: afterCancelCheckField
2019-09-12 12:52:23 INFO  TestBase:81 - Executed test case name:afterCancelCheckField Execution Results : [TestResult name=afterCancelCheckField status=FAILURE method=AddSeverityTest.afterCancelCheckField()[pri:0, instance:tests.Severity.AddSeverityTest@1dd02175] output={null}]
2019-09-12 12:52:23 INFO  TestBase:70 - Closing Browser
2019-09-12 12:52:24 INFO  TestBase:72 - Browser Closed
2019-09-12 12:53:45 INFO  TestBase:32 - Initiate Browser
2019-09-12 12:54:02 INFO  TestBase:41 - Browser Initiated
2019-09-12 12:54:02 INFO  TestBase:53 - Test name: afterCancelCheckField
2019-09-12 12:54:04 INFO  TestBase:81 - Executed test case name:afterCancelCheckField Execution Results : [TestResult name=afterCancelCheckField status=FAILURE method=AddSeverityTest.afterCancelCheckField()[pri:0, instance:tests.Severity.AddSeverityTest@1dd02175] output={null}]
2019-09-12 12:54:04 INFO  TestBase:70 - Closing Browser
2019-09-12 12:54:05 INFO  TestBase:72 - Browser Closed
2019-09-12 12:56:02 INFO  TestBase:32 - Initiate Browser
2019-09-12 12:56:19 INFO  TestBase:41 - Browser Initiated
2019-09-12 12:56:19 INFO  TestBase:53 - Test name: afterCancelCheckField
2019-09-12 12:56:21 INFO  TestBase:81 - Executed test case name:afterCancelCheckField Execution Results : [TestResult name=afterCancelCheckField status=SUCCESS method=AddSeverityTest.afterCancelCheckField()[pri:0, instance:tests.Severity.AddSeverityTest@1dd02175] output={null}]
2019-09-12 12:56:21 INFO  TestBase:70 - Closing Browser
2019-09-12 12:56:22 INFO  TestBase:72 - Browser Closed
2019-09-12 12:56:56 INFO  TestBase:32 - Initiate Browser
2019-09-12 12:57:13 INFO  TestBase:41 - Browser Initiated
2019-09-12 12:57:13 INFO  TestBase:53 - Test name: afterCancelCheckField
2019-09-12 12:57:16 INFO  TestBase:81 - Executed test case name:afterCancelCheckField Execution Results : [TestResult name=afterCancelCheckField status=FAILURE method=AddSeverityTest.afterCancelCheckField()[pri:0, instance:tests.Severity.AddSeverityTest@1dd02175] output={null}]
2019-09-12 12:57:16 INFO  TestBase:70 - Closing Browser
2019-09-12 12:57:17 INFO  TestBase:72 - Browser Closed
2019-09-12 12:57:29 INFO  TestBase:32 - Initiate Browser
2019-09-12 12:57:36 INFO  TestBase:41 - Browser Initiated
2019-09-12 12:57:36 INFO  TestBase:53 - Test name: afterCancelCheckField
2019-09-12 12:57:38 INFO  TestBase:81 - Executed test case name:afterCancelCheckField Execution Results : [TestResult name=afterCancelCheckField status=SUCCESS method=AddSeverityTest.afterCancelCheckField()[pri:0, instance:tests.Severity.AddSeverityTest@1dd02175] output={null}]
2019-09-12 12:57:38 INFO  TestBase:70 - Closing Browser
2019-09-12 12:57:39 INFO  TestBase:72 - Browser Closed
2019-09-12 12:59:01 INFO  TestBase:32 - Initiate Browser
2019-09-12 12:59:07 INFO  TestBase:41 - Browser Initiated
2019-09-12 12:59:07 INFO  TestBase:53 - Test name: afterCancelCheckField
2019-09-12 12:59:09 INFO  TestBase:81 - Executed test case name:afterCancelCheckField Execution Results : [TestResult name=afterCancelCheckField status=FAILURE method=AddSeverityTest.afterCancelCheckField()[pri:0, instance:tests.Severity.AddSeverityTest@b59d31] output={null}]
2019-09-12 12:59:10 INFO  TestBase:70 - Closing Browser
2019-09-12 12:59:11 INFO  TestBase:72 - Browser Closed
2019-09-12 13:00:44 INFO  TestBase:32 - Initiate Browser
2019-09-12 13:01:01 INFO  TestBase:41 - Browser Initiated
2019-09-12 13:01:01 INFO  TestBase:53 - Test name: afterCancelCheckField
2019-09-12 13:01:08 INFO  TestBase:81 - Executed test case name:afterCancelCheckField Execution Results : [TestResult name=afterCancelCheckField status=SUCCESS method=AddSeverityTest.afterCancelCheckField()[pri:0, instance:tests.Severity.AddSeverityTest@1dd02175] output={null}]
2019-09-12 13:01:08 INFO  TestBase:70 - Closing Browser
2019-09-12 13:01:09 INFO  TestBase:72 - Browser Closed
2019-09-12 13:01:37 INFO  TestBase:32 - Initiate Browser
2019-09-12 13:01:43 INFO  TestBase:41 - Browser Initiated
2019-09-12 13:01:43 INFO  TestBase:53 - Test name: afterCancelCheckField
2019-09-12 13:01:50 INFO  TestBase:81 - Executed test case name:afterCancelCheckField Execution Results : [TestResult name=afterCancelCheckField status=SUCCESS method=AddSeverityTest.afterCancelCheckField()[pri:0, instance:tests.Severity.AddSeverityTest@1dd02175] output={null}]
2019-09-12 13:01:50 INFO  TestBase:70 - Closing Browser
2019-09-12 13:01:51 INFO  TestBase:72 - Browser Closed
2019-09-12 13:03:54 INFO  TestBase:32 - Initiate Browser
2019-09-12 13:04:00 INFO  TestBase:41 - Browser Initiated
2019-09-12 13:04:00 INFO  TestBase:53 - Test name: afterCancelCheckField
2019-09-12 13:04:08 INFO  TestBase:81 - Executed test case name:afterCancelCheckField Execution Results : [TestResult name=afterCancelCheckField status=SUCCESS method=AddSeverityTest.afterCancelCheckField()[pri:0, instance:tests.Severity.AddSeverityTest@1dd02175] output={null}]
2019-09-12 13:04:08 INFO  TestBase:70 - Closing Browser
2019-09-12 13:04:08 INFO  TestBase:72 - Browser Closed
2019-09-12 13:04:34 INFO  TestBase:32 - Initiate Browser
2019-09-12 13:04:40 INFO  TestBase:32 - Initiate Browser
2019-09-12 13:04:47 INFO  TestBase:41 - Browser Initiated
2019-09-12 13:04:47 INFO  TestBase:53 - Test name: afterCancelCheckField
2019-09-12 13:04:49 INFO  TestBase:81 - Executed test case name:afterCancelCheckField Execution Results : [TestResult name=afterCancelCheckField status=FAILURE method=AddSeverityTest.afterCancelCheckField()[pri:0, instance:tests.Severity.AddSeverityTest@1dd02175] output={null}]
2019-09-12 13:04:50 INFO  TestBase:70 - Closing Browser
2019-09-12 13:04:51 INFO  TestBase:72 - Browser Closed
2019-09-12 13:07:01 INFO  TestBase:32 - Initiate Browser
2019-09-12 13:07:18 INFO  TestBase:41 - Browser Initiated
2019-09-12 13:07:18 INFO  TestBase:53 - Test name: afterCancelCheckField
2019-09-12 13:07:20 INFO  TestBase:81 - Executed test case name:afterCancelCheckField Execution Results : [TestResult name=afterCancelCheckField status=FAILURE method=AddSeverityTest.afterCancelCheckField()[pri:0, instance:tests.Severity.AddSeverityTest@1dd02175] output={null}]
2019-09-12 13:07:21 INFO  TestBase:70 - Closing Browser
2019-09-12 13:07:21 INFO  TestBase:72 - Browser Closed
2019-09-12 13:46:49 INFO  TestBase:32 - Initiate Browser
2019-09-12 13:46:55 INFO  TestBase:41 - Browser Initiated
2019-09-12 13:46:55 INFO  TestBase:53 - Test name: clickSettingVerify
2019-09-12 13:46:55 INFO  AddPriorityTest:17 - Side Navigation_Setting button verified
2019-09-12 13:46:55 INFO  AddPriorityTest:19 - Side Navigation_Setting button clicked
2019-09-12 13:46:56 INFO  AddPriorityTest:21 - Side Navigation_General Configuration button verified
2019-09-12 13:46:56 INFO  AddPriorityTest:23 - Side Navigation_General Configuration button clicked
2019-09-12 13:46:56 INFO  TestBase:81 - Executed test case name:clickSettingVerify Execution Results : [TestResult name=clickSettingVerify status=FAILURE method=AddPriorityTest.clickSettingVerify()[pri:0, instance:tests.Priority.AddPriorityTest@1dd02175] output={null}]
2019-09-12 13:46:56 INFO  TestBase:70 - Closing Browser
2019-09-12 13:46:57 INFO  TestBase:72 - Browser Closed
2019-09-12 13:47:18 INFO  TestBase:32 - Initiate Browser
2019-09-12 13:47:24 INFO  TestBase:41 - Browser Initiated
2019-09-12 13:47:24 INFO  TestBase:53 - Test name: clickSettingVerify
2019-09-12 13:47:24 INFO  AddPriorityTest:17 - Side Navigation_Setting button verified
2019-09-12 13:47:24 INFO  AddPriorityTest:19 - Side Navigation_Setting button clicked
2019-09-12 13:47:24 INFO  AddPriorityTest:21 - Side Navigation_General Configuration button verified
2019-09-12 13:47:24 INFO  AddPriorityTest:23 - Side Navigation_General Configuration button clicked
2019-09-12 13:47:24 INFO  TestBase:81 - Executed test case name:clickSettingVerify Execution Results : [TestResult name=clickSettingVerify status=FAILURE method=AddPriorityTest.clickSettingVerify()[pri:0, instance:tests.Priority.AddPriorityTest@1dd02175] output={null}]
2019-09-12 13:47:25 INFO  TestBase:70 - Closing Browser
2019-09-12 13:47:26 INFO  TestBase:72 - Browser Closed
2019-09-12 13:47:42 INFO  TestBase:32 - Initiate Browser
2019-09-12 13:47:50 INFO  TestBase:41 - Browser Initiated
2019-09-12 13:47:50 INFO  TestBase:53 - Test name: clickSettingVerify
2019-09-12 13:47:50 INFO  AddPriorityTest:17 - Side Navigation_Setting button verified
2019-09-12 13:47:50 INFO  AddPriorityTest:19 - Side Navigation_Setting button clicked
2019-09-12 13:47:50 INFO  AddPriorityTest:21 - Side Navigation_General Configuration button verified
2019-09-12 13:47:50 INFO  AddPriorityTest:23 - Side Navigation_General Configuration button clicked
2019-09-12 13:47:50 INFO  TestBase:81 - Executed test case name:clickSettingVerify Execution Results : [TestResult name=clickSettingVerify status=FAILURE method=AddPriorityTest.clickSettingVerify()[pri:0, instance:tests.Priority.AddPriorityTest@1dd02175] output={null}]
2019-09-12 13:47:51 INFO  TestBase:70 - Closing Browser
2019-09-12 13:47:51 INFO  TestBase:72 - Browser Closed
2019-09-12 13:48:32 INFO  TestBase:32 - Initiate Browser
2019-09-12 13:48:49 INFO  TestBase:41 - Browser Initiated
2019-09-12 13:48:49 INFO  TestBase:53 - Test name: clickSettingVerify
2019-09-12 13:48:49 INFO  AddPriorityTest:17 - Side Navigation_Setting button verified
2019-09-12 13:48:50 INFO  AddPriorityTest:19 - Side Navigation_Setting button clicked
2019-09-12 13:48:50 INFO  AddPriorityTest:21 - Side Navigation_General Configuration button verified
2019-09-12 13:48:50 INFO  AddPriorityTest:23 - Side Navigation_General Configuration button clicked
2019-09-12 13:48:50 INFO  TestBase:81 - Executed test case name:clickSettingVerify Execution Results : [TestResult name=clickSettingVerify status=FAILURE method=AddPriorityTest.clickSettingVerify()[pri:0, instance:tests.Priority.AddPriorityTest@1dd02175] output={null}]
2019-09-12 13:48:50 INFO  TestBase:70 - Closing Browser
2019-09-12 13:48:51 INFO  TestBase:72 - Browser Closed
2019-09-12 13:49:31 INFO  TestBase:32 - Initiate Browser
2019-09-12 13:49:47 INFO  TestBase:41 - Browser Initiated
2019-09-12 13:49:47 INFO  TestBase:53 - Test name: clickGeneranConfiSettingVerify
2019-09-12 13:49:48 INFO  AddPriorityTest:30 - Side Navigation_Setting button clicked
2019-09-12 13:49:48 INFO  AddPriorityTest:32 - Side Navigation_General Configuration button clicked
2019-09-12 13:49:48 INFO  AddPriorityTest:34 - Side Navigation_Priority button verified
2019-09-12 13:49:48 INFO  TestBase:81 - Executed test case name:clickGeneranConfiSettingVerify Execution Results : [TestResult name=clickGeneranConfiSettingVerify status=FAILURE method=AddPriorityTest.clickGeneranConfiSettingVerify()[pri:0, instance:tests.Priority.AddPriorityTest@1dd02175] output={null}]
2019-09-12 13:49:48 INFO  TestBase:70 - Closing Browser
2019-09-12 13:49:49 INFO  TestBase:72 - Browser Closed
2019-09-12 13:50:10 INFO  TestBase:32 - Initiate Browser
2019-09-12 13:50:16 INFO  TestBase:41 - Browser Initiated
2019-09-12 13:50:16 INFO  TestBase:53 - Test name: clickSettingVerify
2019-09-12 13:50:16 INFO  AddPriorityTest:17 - Side Navigation_Setting button verified
2019-09-12 13:50:16 INFO  AddPriorityTest:19 - Side Navigation_Setting button clicked
2019-09-12 13:50:16 INFO  AddPriorityTest:21 - Side Navigation_General Configuration button verified
2019-09-12 13:50:16 INFO  AddPriorityTest:23 - Side Navigation_General Configuration button clicked
2019-09-12 13:50:16 INFO  TestBase:81 - Executed test case name:clickSettingVerify Execution Results : [TestResult name=clickSettingVerify status=SUCCESS method=AddPriorityTest.clickSettingVerify()[pri:0, instance:tests.Priority.AddPriorityTest@1dd02175] output={null}]
2019-09-12 13:50:16 INFO  TestBase:70 - Closing Browser
2019-09-12 13:50:17 INFO  TestBase:72 - Browser Closed
2019-09-12 13:50:30 INFO  TestBase:32 - Initiate Browser
2019-09-12 13:50:43 INFO  TestBase:41 - Browser Initiated
2019-09-12 13:50:43 INFO  TestBase:53 - Test name: clickSettingVerify
2019-09-12 13:50:43 INFO  AddPriorityTest:17 - Side Navigation_Setting button verified
2019-09-12 13:50:43 INFO  AddPriorityTest:19 - Side Navigation_Setting button clicked
2019-09-12 13:50:43 INFO  AddPriorityTest:21 - Side Navigation_General Configuration button verified
2019-09-12 13:50:43 INFO  AddPriorityTest:23 - Side Navigation_General Configuration button clicked
2019-09-12 13:50:43 INFO  TestBase:81 - Executed test case name:clickSettingVerify Execution Results : [TestResult name=clickSettingVerify status=FAILURE method=AddPriorityTest.clickSettingVerify()[pri:0, instance:tests.Priority.AddPriorityTest@1dd02175] output={null}]
2019-09-12 13:50:44 INFO  TestBase:70 - Closing Browser
2019-09-12 13:50:44 INFO  TestBase:72 - Browser Closed
2019-09-12 13:51:22 INFO  TestBase:32 - Initiate Browser
2019-09-12 13:51:39 INFO  TestBase:32 - Initiate Browser
2019-09-12 13:51:45 INFO  TestBase:41 - Browser Initiated
2019-09-12 13:51:45 INFO  TestBase:53 - Test name: clickSettingVerify
2019-09-12 13:51:45 INFO  AddPriorityTest:17 - Side Navigation_Setting button verified
2019-09-12 13:51:45 INFO  AddPriorityTest:19 - Side Navigation_Setting button clicked
2019-09-12 13:51:45 INFO  AddPriorityTest:21 - Side Navigation_General Configuration button verified
2019-09-12 13:51:45 INFO  AddPriorityTest:23 - Side Navigation_General Configuration button clicked
2019-09-12 13:51:57 INFO  TestBase:81 - Executed test case name:clickSettingVerify Execution Results : [TestResult name=clickSettingVerify status=SUCCESS method=AddPriorityTest.clickSettingVerify()[pri:0, instance:tests.Priority.AddPriorityTest@1151e434] output={null}]
2019-09-12 13:51:57 INFO  TestBase:70 - Closing Browser
2019-09-12 13:51:58 INFO  TestBase:72 - Browser Closed
2019-09-12 13:52:39 INFO  TestBase:32 - Initiate Browser
2019-09-12 13:52:56 INFO  TestBase:41 - Browser Initiated
2019-09-12 13:52:56 INFO  TestBase:53 - Test name: clickSettingVerify
2019-09-12 13:52:56 INFO  AddPriorityTest:17 - Side Navigation_Setting button verified
2019-09-12 13:52:56 INFO  AddPriorityTest:19 - Side Navigation_Setting button clicked
2019-09-12 13:52:56 INFO  AddPriorityTest:21 - Side Navigation_General Configuration button verified
2019-09-12 13:52:57 INFO  AddPriorityTest:23 - Side Navigation_General Configuration button clicked
2019-09-12 13:52:57 INFO  TestBase:81 - Executed test case name:clickSettingVerify Execution Results : [TestResult name=clickSettingVerify status=FAILURE method=AddPriorityTest.clickSettingVerify()[pri:0, instance:tests.Priority.AddPriorityTest@1dd02175] output={null}]
2019-09-12 13:52:57 INFO  TestBase:70 - Closing Browser
2019-09-12 13:52:58 INFO  TestBase:72 - Browser Closed
2019-09-12 13:53:13 INFO  TestBase:32 - Initiate Browser
2019-09-12 13:53:20 INFO  TestBase:41 - Browser Initiated
2019-09-12 13:53:20 INFO  TestBase:53 - Test name: clickGeneranConfiSettingVerify
2019-09-12 13:53:21 INFO  AddPriorityTest:30 - Side Navigation_Setting button clicked
2019-09-12 13:53:21 INFO  AddPriorityTest:32 - Side Navigation_General Configuration button clicked
2019-09-12 13:53:21 INFO  AddPriorityTest:34 - Side Navigation_Priority button verified
2019-09-12 13:53:21 INFO  TestBase:81 - Executed test case name:clickGeneranConfiSettingVerify Execution Results : [TestResult name=clickGeneranConfiSettingVerify status=FAILURE method=AddPriorityTest.clickGeneranConfiSettingVerify()[pri:0, instance:tests.Priority.AddPriorityTest@1dd02175] output={null}]
2019-09-12 13:53:21 INFO  TestBase:70 - Closing Browser
2019-09-12 13:53:22 INFO  TestBase:72 - Browser Closed
2019-09-12 14:01:01 INFO  TestBase:32 - Initiate Browser
2019-09-12 14:01:08 INFO  TestBase:41 - Browser Initiated
2019-09-12 14:01:08 INFO  TestBase:53 - Test name: addPriorityBtbVerify
2019-09-12 14:01:08 INFO  AddPriorityTest:57 - Side Navigation_Setting button clicked
2019-09-12 14:01:08 INFO  AddPriorityTest:59 - Side Navigation_General Configuration button clicked
2019-09-12 14:01:09 INFO  AddPriorityTest:61 - Side Navigation_Priority button clicked
2019-09-12 14:01:09 INFO  AddPriorityTest:63 - Priority Page Displayed
2019-09-12 14:01:09 INFO  AddPriorityTest:65 - Priority Page_Add button verified
2019-09-12 14:01:09 INFO  TestBase:81 - Executed test case name:addPriorityBtbVerify Execution Results : [TestResult name=addPriorityBtbVerify status=SUCCESS method=AddPriorityTest.addPriorityBtbVerify()[pri:0, instance:tests.Priority.AddPriorityTest@1dd02175] output={null}]
2019-09-12 14:01:09 INFO  TestBase:70 - Closing Browser
2019-09-12 14:01:10 INFO  TestBase:72 - Browser Closed
